<?xml version="1.0" encoding="utf-8"?><testsuite errors="0" failures="0" name="pytest" skips="0" tests="8" time="0.045"><testcase classname="test_submit.TestChallenge1" file="test_submit.py" line="29" name="test_len" time="0.0011205673217773438"><system-out>[{&apos;source&apos;: &apos;41-833333333&apos;, &apos;total&apos;: 4.77}, {&apos;source&apos;: &apos;48-999999999&apos;, &apos;total&apos;: 4.68}, {&apos;source&apos;: &apos;41-885633788&apos;, &apos;total&apos;: 3.96}, {&apos;source&apos;: &apos;48-996355555&apos;, &apos;total&apos;: 2.61}, {&apos;source&apos;: &apos;41-886383097&apos;, &apos;total&apos;: 1.53}, {&apos;source&apos;: &apos;48-996383697&apos;, &apos;total&apos;: 1.35}]
</system-out></testcase><testcase classname="test_submit.TestChallenge1" file="test_submit.py" line="33" name="test_1" time="0.0010173320770263672"><system-out>[{&apos;source&apos;: &apos;41-833333333&apos;, &apos;total&apos;: 4.77}, {&apos;source&apos;: &apos;48-999999999&apos;, &apos;total&apos;: 4.68}, {&apos;source&apos;: &apos;41-885633788&apos;, &apos;total&apos;: 3.96}, {&apos;source&apos;: &apos;48-996355555&apos;, &apos;total&apos;: 2.61}, {&apos;source&apos;: &apos;41-886383097&apos;, &apos;total&apos;: 1.53}, {&apos;source&apos;: &apos;48-996383697&apos;, &apos;total&apos;: 1.35}]
</system-out></testcase><testcase classname="test_submit.TestChallenge1" file="test_submit.py" line="37" name="test_2" time="0.0009224414825439453"><system-out>[{&apos;source&apos;: &apos;41-833333333&apos;, &apos;total&apos;: 4.77}, {&apos;source&apos;: &apos;48-999999999&apos;, &apos;total&apos;: 4.68}, {&apos;source&apos;: &apos;41-885633788&apos;, &apos;total&apos;: 3.96}, {&apos;source&apos;: &apos;48-996355555&apos;, &apos;total&apos;: 2.61}, {&apos;source&apos;: &apos;41-886383097&apos;, &apos;total&apos;: 1.53}, {&apos;source&apos;: &apos;48-996383697&apos;, &apos;total&apos;: 1.35}]
</system-out></testcase><testcase classname="test_submit.TestChallenge1" file="test_submit.py" line="41" name="test_3" time="0.0007870197296142578"><system-out>[{&apos;source&apos;: &apos;41-833333333&apos;, &apos;total&apos;: 4.77}, {&apos;source&apos;: &apos;48-999999999&apos;, &apos;total&apos;: 4.68}, {&apos;source&apos;: &apos;41-885633788&apos;, &apos;total&apos;: 3.96}, {&apos;source&apos;: &apos;48-996355555&apos;, &apos;total&apos;: 2.61}, {&apos;source&apos;: &apos;41-886383097&apos;, &apos;total&apos;: 1.53}, {&apos;source&apos;: &apos;48-996383697&apos;, &apos;total&apos;: 1.35}]
</system-out></testcase><testcase classname="test_submit.TestChallenge1" file="test_submit.py" line="45" name="test_4" time="0.0007679462432861328"><system-out>[{&apos;source&apos;: &apos;41-833333333&apos;, &apos;total&apos;: 4.77}, {&apos;source&apos;: &apos;48-999999999&apos;, &apos;total&apos;: 4.68}, {&apos;source&apos;: &apos;41-885633788&apos;, &apos;total&apos;: 3.96}, {&apos;source&apos;: &apos;48-996355555&apos;, &apos;total&apos;: 2.61}, {&apos;source&apos;: &apos;41-886383097&apos;, &apos;total&apos;: 1.53}, {&apos;source&apos;: &apos;48-996383697&apos;, &apos;total&apos;: 1.35}]
</system-out></testcase><testcase classname="test_submit.TestChallenge1" file="test_submit.py" line="49" name="test_5" time="0.00079345703125"><system-out>[{&apos;source&apos;: &apos;41-833333333&apos;, &apos;total&apos;: 4.77}, {&apos;source&apos;: &apos;48-999999999&apos;, &apos;total&apos;: 4.68}, {&apos;source&apos;: &apos;41-885633788&apos;, &apos;total&apos;: 3.96}, {&apos;source&apos;: &apos;48-996355555&apos;, &apos;total&apos;: 2.61}, {&apos;source&apos;: &apos;41-886383097&apos;, &apos;total&apos;: 1.53}, {&apos;source&apos;: &apos;48-996383697&apos;, &apos;total&apos;: 1.35}]
</system-out></testcase><testcase classname="test_submit.TestChallenge1" file="test_submit.py" line="53" name="test_6" time="0.0015363693237304688"><system-out>[{&apos;source&apos;: &apos;41-833333333&apos;, &apos;total&apos;: 4.77}, {&apos;source&apos;: &apos;48-999999999&apos;, &apos;total&apos;: 4.68}, {&apos;source&apos;: &apos;41-885633788&apos;, &apos;total&apos;: 3.96}, {&apos;source&apos;: &apos;48-996355555&apos;, &apos;total&apos;: 2.61}, {&apos;source&apos;: &apos;41-886383097&apos;, &apos;total&apos;: 1.53}, {&apos;source&apos;: &apos;48-996383697&apos;, &apos;total&apos;: 1.35}]
</system-out></testcase><testcase classname="test_submit.TestChallenge1" file="test_submit.py" line="57" name="test_7" time="0.0013577938079833984"><system-out>[{&apos;source&apos;: &apos;41-833333333&apos;, &apos;total&apos;: 4.77}, {&apos;source&apos;: &apos;48-999999999&apos;, &apos;total&apos;: 4.68}, {&apos;source&apos;: &apos;41-885633788&apos;, &apos;total&apos;: 3.96}, {&apos;source&apos;: &apos;48-996355555&apos;, &apos;total&apos;: 2.61}, {&apos;source&apos;: &apos;41-886383097&apos;, &apos;total&apos;: 1.53}, {&apos;source&apos;: &apos;48-996383697&apos;, &apos;total&apos;: 1.35}]
</system-out></testcase></testsuite>