<?xml version="1.0" encoding="utf-8"?><testsuite errors="0" failures="0" name="pytest" skips="0" tests="3" time="0.103"><testcase classname="test_main" file="test_main.py" line="11" name="test_get_temperature_by_lat_lng[-14.235004--51.92528-62-16]" time="0.0018165111541748047"></testcase><testcase classname="test_main" file="test_main.py" line="11" name="test_get_temperature_by_lat_lng[70.8565444-45.644562-86-30]" time="0.0015995502471923828"></testcase><testcase classname="test_main" file="test_main.py" line="11" name="test_get_temperature_by_lat_lng[90.7455683--35.334732-70-21]" time="0.0014946460723876953"></testcase></testsuite>